<?xml version="1.0" encoding="UTF-8"?>
<testng-results ignored="0" total="1" passed="1" failed="0" skipped="0">
  <reporter-output>
  </reporter-output>
  <suite started-at="2026-01-01T12:21:30 IST" name="Default suite" finished-at="2026-01-01T12:21:49 IST" duration-ms="19736">
    <groups>
    </groups>
    <test started-at="2026-01-01T12:21:30 IST" name="Default test" finished-at="2026-01-01T12:21:49 IST" duration-ms="19736">
      <class name="ObjectRepository.ObjTestDemo">
        <test-method signature="ConfigRead()[pri:0, instance:ObjectRepository.ObjTestDemo@3bf7ca37]" started-at="2026-01-01T12:21:30 IST" name="ConfigRead" finished-at="2026-01-01T12:21:49 IST" duration-ms="19653" status="PASS">
          <reporter-output>
          </reporter-output>
        </test-method> <!-- ConfigRead -->
      </class> <!-- ObjectRepository.ObjTestDemo -->
    </test> <!-- Default test -->
  </suite> <!-- Default suite -->
</testng-results>
