<?xml version="1.0" encoding="UTF-8"?>
<testng-results ignored="0" total="1" passed="1" failed="0" skipped="0">
  <reporter-output>
  </reporter-output>
  <suite started-at="2026-01-02T10:03:16 IST" name="Default suite" finished-at="2026-01-02T10:03:29 IST" duration-ms="13156">
    <groups>
    </groups>
    <test started-at="2026-01-02T10:03:16 IST" name="Default test" finished-at="2026-01-02T10:03:29 IST" duration-ms="13156">
      <class name="ObjectRepository.ObjTestDemo">
        <test-method signature="ConfigRead()[pri:0, instance:ObjectRepository.ObjTestDemo@3bf7ca37]" started-at="2026-01-02T10:03:16 IST" name="ConfigRead" finished-at="2026-01-02T10:03:29 IST" duration-ms="13104" status="PASS">
          <reporter-output>
          </reporter-output>
        </test-method> <!-- ConfigRead -->
      </class> <!-- ObjectRepository.ObjTestDemo -->
    </test> <!-- Default test -->
  </suite> <!-- Default suite -->
</testng-results>
